<?xml version="1.0" encoding="UTF-8"?>
<!-- Generated by org.testng.reporters.JUnitReportReporter -->
<testsuite skipped="0" hostname="HomePC" name="sample.invokebrower" tests="1" failures="0" timestamp="02 Sep 2019 17:50:58 GMT" time="5.464" errors="0">
  <testcase name="test" time="5.464" classname="sample.invokebrower"/>
</testsuite> <!-- sample.invokebrower -->
