<?xml version="1.0" encoding="UTF-8"?>
<!-- Generated by org.testng.reporters.JUnitReportReporter -->
<testsuite skipped="0" hostname="HomePC" name="sample.invokebrower" tests="1" failures="0" timestamp="02 Sep 2019 18:19:12 GMT" time="10.671" errors="0">
  <testcase name="test1" time="10.671" classname="sample.invokebrower"/>
</testsuite> <!-- sample.invokebrower -->
